<?xml version="1.0" encoding="UTF-8"?>
<testng-results ignored="0" total="1" passed="1" failed="0" skipped="0">
  <reporter-output>
  </reporter-output>
  <suite started-at="2021-07-12T18:04:45 IST" name="Default suite" finished-at="2021-07-12T18:04:58 IST" duration-ms="13842">
    <groups>
    </groups>
    <test started-at="2021-07-12T18:04:45 IST" name="Default test" finished-at="2021-07-12T18:04:58 IST" duration-ms="13842">
      <class name="TestPackage.TestClass_LoginPage">
        <test-method is-config="true" signature="beforeClass()[pri:0, instance:TestPackage.TestClass_LoginPage@157853da]" started-at="2021-07-12T18:04:45 IST" name="beforeClass" finished-at="2021-07-12T18:04:50 IST" duration-ms="5495" status="PASS">
          <reporter-output>
          </reporter-output>
        </test-method> <!-- beforeClass -->
        <test-method is-config="true" signature="beforeMethod()[pri:0, instance:TestPackage.TestClass_LoginPage@157853da]" started-at="2021-07-12T18:04:50 IST" name="beforeMethod" finished-at="2021-07-12T18:04:58 IST" duration-ms="8140" status="PASS">
          <reporter-output>
          </reporter-output>
        </test-method> <!-- beforeMethod -->
        <test-method signature="test1()[pri:0, instance:TestPackage.TestClass_LoginPage@157853da]" started-at="2021-07-12T18:04:58 IST" name="test1" finished-at="2021-07-12T18:04:58 IST" duration-ms="19" status="PASS">
          <reporter-output>
          </reporter-output>
        </test-method> <!-- test1 -->
      </class> <!-- TestPackage.TestClass_LoginPage -->
    </test> <!-- Default test -->
  </suite> <!-- Default suite -->
</testng-results>
